0 info it worked if it ends with ok
1 verbose cli [ 'node', '/usr/local/bin/npm', 'install', 'bower', '--save-dev' ]
2 info using npm@4.1.1
3 info using node@v0.12.2
4 verbose node symlink /usr/local/bin/node
5 silly loadCurrentTree Starting
6 silly install loadCurrentTree
7 silly install readLocalPackageData
8 silly fetchPackageMetaData bower
9 silly fetchNamedPackageData bower
10 silly mapToRegistry name bower
11 silly mapToRegistry using default registry
12 silly mapToRegistry registry https://registry.npmjs.org/
13 silly mapToRegistry data { raw: 'bower',
13 silly mapToRegistry   scope: null,
13 silly mapToRegistry   escapedName: 'bower',
13 silly mapToRegistry   name: 'bower',
13 silly mapToRegistry   rawSpec: '',
13 silly mapToRegistry   spec: 'latest',
13 silly mapToRegistry   type: 'tag' }
14 silly mapToRegistry uri https://registry.npmjs.org/bower
15 verbose request uri https://registry.npmjs.org/bower
16 verbose request no auth needed
17 info attempt registry request try #1 at 18:06:01
18 verbose request id dc4fa0b530fb4d9a
19 verbose etag W/"586318fd-2acae"
20 verbose lastModified Wed, 28 Dec 2016 01:44:29 GMT
21 http request GET https://registry.npmjs.org/bower
22 http 304 https://registry.npmjs.org/bower
23 verbose headers { date: 'Fri, 30 Dec 2016 10:04:42 GMT',
23 verbose headers   via: '1.1 varnish',
23 verbose headers   'cache-control': 'max-age=300',
23 verbose headers   etag: 'W/"586318fd-2acae"',
23 verbose headers   age: '157',
23 verbose headers   connection: 'keep-alive',
23 verbose headers   'x-served-by': 'cache-hkg6825-HKG',
23 verbose headers   'x-cache': 'HIT',
23 verbose headers   'x-cache-hits': '2',
23 verbose headers   'x-timer': 'S1483092282.974300,VS0,VE0',
23 verbose headers   vary: 'Accept-Encoding' }
24 silly get cb [ 304,
24 silly get   { date: 'Fri, 30 Dec 2016 10:04:42 GMT',
24 silly get     via: '1.1 varnish',
24 silly get     'cache-control': 'max-age=300',
24 silly get     etag: 'W/"586318fd-2acae"',
24 silly get     age: '157',
24 silly get     connection: 'keep-alive',
24 silly get     'x-served-by': 'cache-hkg6825-HKG',
24 silly get     'x-cache': 'HIT',
24 silly get     'x-cache-hits': '2',
24 silly get     'x-timer': 'S1483092282.974300,VS0,VE0',
24 silly get     vary: 'Accept-Encoding' } ]
25 verbose etag https://registry.npmjs.org/bower from cache
26 verbose get saving bower to /Users/jackhan/.npm/registry.npmjs.org/bower/.cache.json
27 verbose correctMkdir /Users/jackhan/.npm correctMkdir not in flight; initializing
28 silly install normalizeTree
29 silly loadCurrentTree Finishing
30 silly loadIdealTree Starting
31 silly install loadIdealTree
32 silly cloneCurrentTree Starting
33 silly install cloneCurrentTreeToIdealTree
34 silly cloneCurrentTree Finishing
35 silly loadShrinkwrap Starting
36 silly install loadShrinkwrap
37 silly loadShrinkwrap Finishing
38 silly loadAllDepsIntoIdealTree Starting
39 silly install loadAllDepsIntoIdealTree
40 silly resolveWithNewModule bower@1.8.0 checking installable status
41 silly cache add args [ 'bower', null ]
42 verbose cache add spec bower
43 silly cache add parsed spec { raw: 'bower',
43 silly cache add   scope: null,
43 silly cache add   escapedName: 'bower',
43 silly cache add   name: 'bower',
43 silly cache add   rawSpec: '',
43 silly cache add   spec: 'latest',
43 silly cache add   type: 'tag' }
44 silly addNamed bower@latest
45 verbose addNamed "latest" is being treated as a dist-tag for bower
46 info addNameTag [ 'bower', 'latest' ]
47 silly mapToRegistry name bower
48 silly mapToRegistry using default registry
49 silly mapToRegistry registry https://registry.npmjs.org/
50 silly mapToRegistry data { raw: 'bower',
50 silly mapToRegistry   scope: null,
50 silly mapToRegistry   escapedName: 'bower',
50 silly mapToRegistry   name: 'bower',
50 silly mapToRegistry   rawSpec: '',
50 silly mapToRegistry   spec: 'latest',
50 silly mapToRegistry   type: 'tag' }
51 silly mapToRegistry uri https://registry.npmjs.org/bower
52 verbose addNameTag registry:https://registry.npmjs.org/bower not in flight; fetching
53 verbose get https://registry.npmjs.org/bower not expired, no request
54 silly addNameTag next cb for bower with tag latest
55 silly addNamed bower@1.8.0
56 verbose addNamed "1.8.0" is a plain semver version for bower
57 silly mapToRegistry name bower
58 silly mapToRegistry using default registry
59 silly mapToRegistry registry https://registry.npmjs.org/
60 silly mapToRegistry data { raw: 'bower',
60 silly mapToRegistry   scope: null,
60 silly mapToRegistry   escapedName: 'bower',
60 silly mapToRegistry   name: 'bower',
60 silly mapToRegistry   rawSpec: '',
60 silly mapToRegistry   spec: 'latest',
60 silly mapToRegistry   type: 'tag' }
61 silly mapToRegistry uri https://registry.npmjs.org/bower
62 verbose addRemoteTarball https://registry.npmjs.org/bower/-/bower-1.8.0.tgz not in flight; adding
63 verbose addRemoteTarball [ 'https://registry.npmjs.org/bower/-/bower-1.8.0.tgz',
63 verbose addRemoteTarball   '55dbebef0ad9155382d9e9d3e497c1372345b44a' ]
64 info retry fetch attempt 1 at 18:06:03
65 info attempt registry request try #1 at 18:06:03
66 http fetch GET https://registry.npmjs.org/bower/-/bower-1.8.0.tgz
67 http fetch 200 https://registry.npmjs.org/bower/-/bower-1.8.0.tgz
68 silly fetchAndShaCheck shasum 55dbebef0ad9155382d9e9d3e497c1372345b44a
69 silly rollbackFailedOptional Starting
70 silly rollbackFailedOptional Finishing
71 silly runTopLevelLifecycles Finishing
72 silly install printInstalled
73 verbose stack Error: shasum check failed for /var/folders/fd/4yp2r77x3xg889wgs9gcybh80000gn/T/npm-13745-99ebf34a/registry.npmjs.org/bower/-/bower-1.8.0.tgz
73 verbose stack Expected: 55dbebef0ad9155382d9e9d3e497c1372345b44a
73 verbose stack Actual:   84741d3f07f374945542d7d6e33d6986e82b2844
73 verbose stack From:     https://registry.npmjs.org/bower/-/bower-1.8.0.tgz
73 verbose stack     at /usr/local/lib/node_modules/npm/node_modules/sha/index.js:25:8
73 verbose stack     at ReadStream.<anonymous> (/usr/local/lib/node_modules/npm/node_modules/sha/index.js:72:7)
73 verbose stack     at ReadStream.emit (events.js:129:20)
73 verbose stack     at _stream_readable.js:908:16
73 verbose stack     at process._tickCallback (node.js:355:11)
74 verbose cwd /Users/jackhan/Desktop/rimova
75 error Darwin 14.5.0
76 error argv "node" "/usr/local/bin/npm" "install" "bower" "--save-dev"
77 error node v0.12.2
78 error npm  v4.1.1
79 error shasum check failed for /var/folders/fd/4yp2r77x3xg889wgs9gcybh80000gn/T/npm-13745-99ebf34a/registry.npmjs.org/bower/-/bower-1.8.0.tgz
79 error Expected: 55dbebef0ad9155382d9e9d3e497c1372345b44a
79 error Actual:   84741d3f07f374945542d7d6e33d6986e82b2844
79 error From:     https://registry.npmjs.org/bower/-/bower-1.8.0.tgz
80 error If you need help, you may report this error at:
80 error     <https://github.com/npm/npm/issues>
81 verbose exit [ 1, true ]
